  rgb.cpp
C:\5sem\Первашам\rgb\rgb\rbt.h(162,9): error C3878: синтаксическая ошибка: непредвиденный маркер "else" после "expression"
C:\5sem\Первашам\rgb\rgb\rbt.h(162,9): error C2760: синтаксическая ошибка: непредвиденный элемент "else". Ожидается ";"
C:\5sem\Первашам\rgb\rgb\rbt.h(215,5): error C3878: синтаксическая ошибка: непредвиденный маркер "else" после "expression"
C:\5sem\Первашам\rgb\rgb\rbt.h(215,5): error C2760: синтаксическая ошибка: непредвиденный элемент "else". Ожидается ";"
C:\5sem\Первашам\rgb\rgb\rgb.cpp(28,35): warning C4474: "scanf_s" : для строки формата передано слишком много аргументов
C:\5sem\Первашам\rgb\rgb\rgb.cpp(28,35): message : заполнители и их параметры ожидают переменное число аргументов в количестве 1, но было предоставлено 2
C:\5sem\Первашам\rgb\rgb\rgb.cpp(37,21): warning C4477: "scanf_s": в строке форматирования "%s" требуется аргумент типа "unsigned int", но вариативный аргумент "2" имеет тип "size_t"
C:\5sem\Первашам\rgb\rgb\rgb.cpp(37,21): message : этот аргумент используется в качестве размера буфера
C:\5sem\Первашам\rgb\rgb\rgb.cpp(41,21): warning C4477: "scanf_s": в строке форматирования "%s" требуется аргумент типа "unsigned int", но вариативный аргумент "2" имеет тип "size_t"
C:\5sem\Первашам\rgb\rgb\rgb.cpp(41,21): message : этот аргумент используется в качестве размера буфера
C:\5sem\Первашам\rgb\rgb\rgb.cpp(50,21): warning C4477: "scanf_s": в строке форматирования "%s" требуется аргумент типа "unsigned int", но вариативный аргумент "2" имеет тип "size_t"
C:\5sem\Первашам\rgb\rgb\rgb.cpp(50,21): message : этот аргумент используется в качестве размера буфера
  set.cpp
C:\5sem\Первашам\rgb\rgb\rbt.h(162,9): error C3878: синтаксическая ошибка: непредвиденный маркер "else" после "expression"
C:\5sem\Первашам\rgb\rgb\rbt.h(162,9): error C2760: синтаксическая ошибка: непредвиденный элемент "else". Ожидается ";"
C:\5sem\Первашам\rgb\rgb\rbt.h(215,5): error C3878: синтаксическая ошибка: непредвиденный маркер "else" после "expression"
C:\5sem\Первашам\rgb\rgb\rbt.h(215,5): error C2760: синтаксическая ошибка: непредвиденный элемент "else". Ожидается ";"
  Создание кода...
